<?xml version="1.0" encoding="UTF-8"?>
<testsuite xmlns:xsi="http://www.w3.org/2001/XMLSchema-instance" xsi:noNamespaceSchemaLocation="https://maven.apache.org/surefire/maven-surefire-plugin/xsd/surefire-test-report.xsd" version="3.0.2" name="com.farmerai.companion.auth.infrastructure.security.JwtProviderTest$ClaimExtraction" time="0.685" tests="3" errors="0" skipped="0" failures="0">
  <properties>
[...]
</properties>
  <testcase name="shouldExtractRole" classname="com.farmerai.companion.auth.infrastructure.security.JwtProviderTest$ClaimExtraction" time="0.673"/>
  <testcase name="shouldExtractUserId" classname="com.farmerai.companion.auth.infrastructure.security.JwtProviderTest$ClaimExtraction" time="0.01"/>
  <testcase name="shouldExtractEmail" classname="com.farmerai.companion.auth.infrastructure.security.JwtProviderTest$ClaimExtraction" time="0.0"/>
</testsuite>